1.44417
-0.593569
1.71738
1.50503
-0.61904
1.9066
1.74013
-0.336898
0.897078
-0.0754988
-0.707379
0.641662
-0.164505
-0.434854
0.640645
1.97864
1.87252
1.98938
1.89467
1.90308
-0.527161
1.17752
1.91178
1.94333
1.8715
-0.670415
0.456127
1.39432
1.40084
-0.108912
-0.574341
-0.98565
0.265284
-0.662606
1.74721
0.91929
1.37662
1.63529
1.87848
0.510988
0.967222
1.39379
-0.892865
0.083882
1.54739
-0.364227
1.80198
1.04408
1.03621
0.196216
1.27322
1.22194
1.2294
0.424276
0.176681
0.266263
0.966434
-0.478404
-0.48644
-0.0942606
1.11814
1.39184
-0.904501
-0.0503487
-0.169231
1.61729
-0.861486
-0.552658
-0.708605
1.98221
1.47037
1.46571
1.08449
-0.624452
-0.0487016
1.29125
1.85067
0.471767
-0.896662
0.990817
0.316233
-0.62231
0.144675
-0.369373
1.29655
-0.846351
1.3856
-0.890676
-0.439382
0.226193
0.469293
0.373967
0.336759
0.462707
0.938939
1.38192
1.12809
1.76262
1.26406
1.42259
-0.171925
1.11732
1.03911
-0.991545
0.965294
1.13211
-0.512165
0.931883
-0.643007
0.368098
0.495092
1.32175
1.87923
0.721264
0.0211572
1.63027
0.755803
1.42453
-0.328564
-0.946678
1.2538
1.46374
-0.234715
1.46252
0.517871
1.82022
1.09723
0.238
1.67271
0.269495
1.87787
0.74287
0.641647
-0.525827
-0.584127
1.28519
-0.552118
-0.309532
-0.227475
1.4292
1.52215
1.96556
-0.237153
-0.00265515
1.44285
-0.100505
-0.269425
-0.959383
1.78779
-0.348286
0.0499513
1.72209
-0.410214
1.5454
-0.246748
1.86505
0.848134
1.33669
0.419867
1.96238
0.0549785
-0.797214
1.49249
1.38079
0.755792
0.783511
0.649171
1.1984
1.75158
1.0857
-0.142483
1.03946
1.2716
0.176961
1.26119
0.684672
0.141338
-0.375796
0.703465
0.582114
-0.772437
0.212626
-0.83815
0.0582872
0.592393
0.778472
1.3375
0.0690355
1.80203
1.8949
-0.610281
-0.536685
0.706471
0.184725
0.408172
0.161888
-0.964294
1.18086
0.0113679
0.165709
-0.513453
1.78248
1.38285
0.308353
-0.0663549
1.58803
0.585599
0.86108
-0.503054
-0.641358
0.805946
0.41587
-0.211086
0.0206591
0.962237
0.589526
1.06764
1.1483
1.24445
1.96514
0.351625
1.16148
-0.748536
1.73773
-0.313069
0.516496
1.74001
0.674806
-0.542866
0.50957
1.47745
0.387423
0.615027
0.639776
1.9884
0.342753
-0.765473
1.56335
0.328035
0.812694
-0.680042
0.495633
1.88569
1.93978
-0.986097
-0.897048
1.32473
1.93101
1.45191
0.0895594
1.60608
1.03856
-0.746692
0.0387002
0.199348
1.56763
-0.220389
-0.864821
1.40021
0.980358
0.294241
1.24982
1.73194
-0.601012
-0.454459
1.94708
-0.208591
-0.713934
-0.563383
-0.15198
-0.591794
1.40633
1.60788
-0.767329
0.739114
0.882153
0.649581
-0.975718
-0.565136
1.04086
1.55909
0.601799
0.866165
0.316
0.0528572
-0.401346
0.539749
-0.585996
0.205424
0.146999
-0.7721
1.28726
-0.280252
-0.878587
-0.630043
-0.241132
-0.448277
0.514313
-0.280142
1.46781
0.251801
1.94517
-0.851037
1.47037
1.70815
-0.0945181
1.83436
-0.856167
0.472592
-0.256457
0.467758
0.632168
0.0131582
1.66318
1.70016
0.0315186
0.10774
-0.900194
-0.666392
-0.511384
1.34076
1.63209
0.169217
-0.369094
-0.274926
-0.181741
0.211736
0.477326
-0.710636
-0.32974
-0.60408
0.470904
1.82615
1.86483
1.8684
0.955906
0.725626
1.27251
-0.820661
0.305737
-0.29566
0.658644
0.0594757
-0.840542
1.46358
-0.0324678
-0.95379
0.214944
-0.870929
1.7253
-0.49303
1.42741
0.947346
-0.225112
1.19517
-0.61046
0.943238
0.479981
0.352771
0.135501
0.641027
1.15541
-0.111038
-0.136585
1.23408
0.870307
-0.433135
1.43562
1.06033
-0.0624761
-0.449467
0.157132
0.105454
0.0317893
0.876856
1.44731
1.34068
1.00786
-0.756623
0.138257
1.78816
0.375491
1.32714
-0.0891581
0.460375
1.73169
0.307576
0.465853
0.340351
1.26737
-0.0809516
-0.675814
0.525526
0.18077
0.532315
1.61056
1.45288
0.0825821
1.38449
1.75135
0.932954
0.631417
0.135828
-0.579568
1.43474
-0.400381
0.598477
1.84678
0.0521813
1.97033
1.817
-0.279772
1.62783
-0.950438
0.650469
0.165846
0.867425
1.33907
0.761134
0.429914
-0.376773
0.620414
-0.096261
-0.944647
0.41277
1.70055
-0.308536
-0.416514
1.53293
1.65799
-0.415707
0.32367
-0.322235
-0.556513
-0.487876
-0.281493
-0.317007
1.39896
0.307096
0.419045
-0.0666931
-0.730531
1.77014
0.933652
0.290622
0.899191
-0.445551
0.753147
1.71464
1.17996
1.93925
0.0639144
0.31661
1.04122
-0.666642
1.12196
-0.225806
-0.513014
0.22616
-0.598791
0.784688
0.348668
-0.213365
-0.873838
0.808529
1.39209
1.13365
-0.497333
-0.33476
1.49364
-0.647747
-0.0251094
-0.109972
0.96734
-0.0436651
0.26057
0.2725
1.34573
0.523575
-0.660422
-0.743453
1.9806
-0.212553
-0.455281
1.40304
1.28879
-0.912339
-0.202238
1.78656
-0.267585
1.19099
-0.697785
0.465827
0.0329838
0.735575
-0.155118
-0.288149
1.90592
0.376546
-0.358682
1.88927
0.817785
0.640417
-0.320346
0.563408
-0.430283
-0.305217
0.204714
0.466693
0.239872
0.87218
-0.489543
1.03741
-0.102845
0.186546
0.909406
0.10231
-0.545278
1.96395
1.30773
-0.886783
1.65191
1.6555
1.87766
1.73986
-0.945801
1.38855
0.748539
-0.703863
1.30056
-0.214386
-0.0166067
0.00607053
-0.612802
1.03918
-0.124118
-0.590341
1.54133
1.16368
-0.307707
-0.679714
0.505923
0.961272
-0.995206
0.482522
-0.962384
1.33716
-0.14024
1.14511
-0.703903
1.71116
0.154266
1.67277
0.0660461
0.00248915
1.15991
1.09624
-0.803665
-0.406571
0.541578
-0.908377
0.271935
1.23222
1.0694
0.500067
-0.238171
0.439766
0.204559
1.71417
-0.20657
0.8296
1.80275
0.852999
0.417576
1.57833
0.832749
1.41647
0.465206
0.730165
0.543559
-0.451233
-0.264942
-0.280204
-0.000984278
1.65954
0.507087
-0.913978
0.788174
0.469704
-0.069532
-0.496219
1.88899
1.93604
-0.302799
1.13808
1.24071
0.501415
-0.0324011
0.413265
-0.0453036
-0.821143
1.85742
1.04592
0.604163
-0.872707
1.61542
-0.785664
1.80381
0.56495
1.00134
-0.70981
-0.130932
1.45445
-0.803427
1.45264
-0.304334
1.16732
1.11417
-0.550404
-0.414678
0.978816
0.266655
0.555785
1.80817
1.91892
-0.573348
0.946974
0.929543
1.40099
0.418196
0.361393
0.310799
0.297175
-0.267041
1.47594
0.517758
-0.749591
1.72083
-0.600487
-0.770488
-0.479834
1.14171
0.172813
0.851615
1.49414
-0.432747
1.41009
0.190945
-0.818586
-0.167008
0.197773
1.5743
0.580627
1.72681
0.250398
0.851837
0.97058
-0.457544
0.88392
0.545071
-0.124048
1.4739
0.294954
0.0779733
-0.953539
1.44835
1.95219
-0.119835
-0.498495
-0.483647
-0.681351
0.478369
0.117229
-0.414026
-0.405645
1.59292
0.469063
-0.387408
0.0184802
0.848817
1.85489
1.63415
1.761
0.177407
-0.841969
1.83973
1.21357
-0.499905
-0.192642
1.91563
0.268507
0.691895
0.643613
0.795107
1.82821
-0.606334
0.253232
0.700332
1.94916
0.663141
-0.0956351
-0.0685301
1.1033
-0.638053
0.999017
1.21337
0.617379
-0.271829
1.09432
1.46858
0.999584
-0.443572
-0.465603
-0.0619692
-0.615957
1.64518
1.99724
1.02264
-0.486637
1.21789
-0.902198
-0.81237
0.683599
-0.605315
1.6456
-0.730141
1.00753
-0.975057
-0.4287
0.369531
0.10675
0.90291
0.382178
0.589289
1.94491
0.493608
-0.530785
0.0073937
1.56657
-0.24153
0.934294
-0.298974
0.128817
-0.480511
-0.427229
0.787943
0.284759
1.18068
0.446066
1.63272
-0.638165
1.12148
0.768522
-0.295703
-0.321437
0.433987
0.153857
-0.945365
0.748959
1.24199
-0.244582
0.964171
-0.128678
-0.765799
0.851273
0.418307
-0.204157
1.98943
1.47313
0.596293
1.94799
1.69831
1.19075
1.3187
0.031631
-0.388721
0.752208
1.72133
-0.676693
0.124438
1.71892
1.54427
1.63896
-0.0199023
1.45328
-0.01979
-0.217816
0.977632
0.783069
0.760295
-0.932462
-0.85305
0.275778
1.3099
-0.0618433
0.475257
-0.515546
0.464552
-0.463701
0.28738
0.268657
0.184183
-0.717312
1.32936
0.795571
1.92426
0.412773
1.24552
1.08785
0.903506
1.09966
-0.783459
0.915592
0.90009
-0.899188
0.586762
-0.793582
-0.111497
-0.0412008
-0.0240164
0.592593
0.89336
0.963337
1.98352
0.222858
0.548143
1.45994
1.17336
1.15508
-0.263276
1.90595
-0.00298265
0.594002
1.24583
-0.0245629
1.0489
-0.683112
1.04381
0.832876
-0.763473
1.33641
0.376809
0.270359
1.09444
-0.72753
-0.796346
-0.200586
-0.79258
-0.53903
0.581128
-0.156984
-0.213854
0.320255
0.450125
0.581428
-0.607584
0.372273
-0.716678
1.62611
-0.638855
0.554156
1.90951
1.83087
1.26884
0.913127
-0.195471
1.87308
1.17472
-0.277879
0.247288
1.02837
0.424155
-0.132806
-0.833676
1.01542
0.841232
1.08542
0.471858
-0.796022
1.71342
-0.23563
1.80564
-0.32788
1.75483
1.0035
-0.0885242
1.53318
1.37031
0.0333872
-0.321318
1.34156
0.346856
1.026
0.530327
-0.979854
-0.308104
0.806511
1.13564
0.160314
1.95336
1.74797
0.96564
-0.996547
-0.181999
0.387347
0.407047
0.273047
-0.990996
0.382749
0.339272
1.31048
1.91283
-0.0325846
-0.0860095
1.35422
-0.354673
0.414071
-0.257245
-0.892712
1.41935
-0.472377
0.459113
1.16527
0.222506
0.420458
-0.353112
-0.541836
0.620756
0.0233738
1.16907
0.822168
-0.148918
-0.424764
0.628586
1.21528
1.26777
-0.271451
-0.00406814
1.75227
1.40529
-0.192815
1.57122
1.2965
-0.955325
-0.434014
1.65483
-0.137505
0.779261
-0.72666
-0.741348
0.728628
1.77463
1.05009
1.74116
0.639779
1.94227
0.277187
1.70007
0.933328
1.84914
0.942853
1.80357
1.03705
-0.975027
0.90736
1.33338
1.83552
-0.922123
-0.373195
0.763631
1.12785
0.949342
-0.291308
-0.0152906
-0.641811
-0.666762
0.821912
-0.627182
0.350413
1.92175
0.376176
0.599688
0.985834
0.986901
1.31086
1.12477
0.050654
-0.793784
0.986029
-0.382133
0.248476
0.300289
1.52579
-0.966422
1.49875
-0.792212
-0.230677
0.0291854
0.840382
-0.0633098
0.746747
1.97823
0.622218
-0.192807
1.60982
1.5712
-0.205663
0.0668327
-0.0457778
1.2403
-0.642356
1.53457
1.81949
-0.348584
0.936656
1.89486
0.43839
1.13658
0.917951
1.948
0.634148
1.2797
0.941934
-0.420219
0.631658
0.0577685
1.16314
-0.411099
0.567486
1.4962
1.98111
1.85778
-0.34397
1.30211
-0.682605
1.58591
-0.670908
0.366991
-0.809226
-0.00194848
0.21374
1.51478
0.345119
0.662926
0.0974485
-0.637403
1.29051
-0.363449
0.883689
0.473718
1.31594
0.228964
1.79856
1.27853
1.91822
0.0711927
-0.423915
1.31536
-0.583377
1.94462
1.0888
1.53849
-0.71854
1.50386
0.576213
0.101583
0.591033
-0.848122
1.58342
1.92668
0.45456
1.52777
0.180369
1.60838
1.01429
-0.773505
1.22377
-0.902872
0.560157
0.841795
0.043138
1.20704
-0.550008
0.846583
0.758276
0.98789
-0.213564
1.85379
-0.866638
-0.202337
1.2648
1.75816
-0.271644
-0.64481
0.327207
-0.0608029
1.06339
1.61635
0.0776846
-0.299069
1.20902
1.42418
0.184122
0.669595
1.05025
1.83078
1.11214
0.51111
0.326916
0.99925
-0.941267
-0.541103
-0.00742636
1.91969
0.272928
0.901301
-0.189189
-0.464051
-0.408839
-0.777572
1.46516
0.484924
0.289764
1.35794
1.66331
0.394039
0.173549
1.64909
1.30734
0.942107
0.190375
1.70972
1.42554
-0.982079
1.26523
1.08069
0.132187
0.755269
-0.351943
-0.683916
1.37122
1.97096
1.84791
-0.310024
-0.0173037
-0.0012765
1.01379
1.06815
0.315935
1.88426
1.5005
-0.320203
1.30656
1.77272
-0.498239
1.62874
1.58594
0.295234
1.96962
0.412662
0.54327
0.686307
1.65284
1.51285
0.764078
-0.555073
-0.535743
0.917835
-0.400412
1.98678
0.220864
0.918182
1.24612
0.318555
1.47675
-0.914835
1.36989
-0.750547
-0.0444273
0.591102
0.602192
1.346
-0.730148
1.20994
-0.664883
-0.429517
-0.591122
-0.214518
1.03596
0.356734
0.485531
0.380081
-0.430869
1.02091
0.485017
-0.469141
-0.557175
-0.436507
-0.835078
-0.71054
1.55214
-0.0283762
0.681679
-0.489021
1.78883
-0.925798
1.09
1.49193
0.748373
-0.265515
1.44619
-0.573895
1.63704
-0.533674
1.96673
-0.0909678
-0.998433
-0.899283
1.59632
0.227868
0.837699
1.34937
1.96985
0.330116
0.58304
-0.947535
0.43857
-0.142647
1.40404
1.85419
-0.316471
-0.486055
0.494283
-0.717551
1.70256
-0.178265
0.723984
-0.395908
1.53553
1.25935
1.21592
1.40264
0.757961
0.758253
-0.259796
0.490984
0.999249
0.77292
-0.749552
0.706375
0.877879
-0.444706
0.982834
1.70497
1.18926
-0.926614
1.67226
-0.206871
1.94691
1.34755
1.30709
0.799106
0.744339
0.668646
1.78494
-0.710402
0.740271
1.78036
-0.949051
0.195174
-0.637421
-0.880291
1.58813
0.75535
0.45289
0.239645
1.53457
-0.6114
-0.371785
0.826817
0.656874
-0.833781
0.88965
1.54489
-0.904027
0.356192
0.84414
0.455043
0.0872344
-0.797659
-0.851402
-0.336982
0.46871
0.933094
-0.422469
1.9275
-0.630749
1.84803
-0.383517
1.20942
-0.560455
0.262561
-0.432783
1.0572
-0.872043
1.05865
0.905594
-0.306201
-0.154399
1.98432
0.61579
0.306779
1.08549
1.23138
0.497348
0.0141516
0.607403
0.0887473
0.335549
1.96965
-0.628203
1.17523
0.471072
1.51252
1.55899
0.194106
1.62178
1.55509
-0.189117
-0.485191
-0.374616
1.84218
0.694939
0.0526899
0.920935
0.154636
0.251087
0.19919
-0.382073
1.1551
1.8438
1.50775
-0.753786
1.85262
-0.682872
-0.808056
-0.573877
0.993577
-0.500619
-0.471065
0.862876
0.112874
0.721129
-0.4948
-0.843766
-0.660392
1.7936
-0.54228
1.18599
0.18655
1.21352
0.189425
-0.809786
-0.916107
1.58132
0.350097
1.80322
-0.704369
1.95319
1.74805
1.57682
0.398951
1.35668
1.24739
0.540132
1.18799
-0.467193
1.20892
0.195768
0.969645
-0.598206
-0.35259
-0.907331
-0.845522
1.81743
-0.823904
-0.0960818
0.26422
-0.113399
1.43123
-0.00119115
-0.0495426
0.401205
1.65227
0.944595
0.227324
-0.924315
-0.395299
1.52662
-0.923501
0.677098
-0.800679
1.5623
1.02919
0.0436376
-0.756774
0.33808
-0.0117654
-0.837282
0.108739
-0.468677
1.39057
0.988424
-0.470544
-0.00751301
-0.721869
1.69546
-0.821156
-0.645534
-0.13928
1.96525
1.14796
0.619946
0.480626
1.12075
1.71537
1.99847
0.213659
-0.136452
-0.797871
0.243568
0.125074
0.39452
1.54574
1.29187
0.0941243
1.45461
-0.572166
-0.699335
0.265099
-0.465649
1.60689
0.0789047
1.99112
-0.829886
0.601077
0.565657
0.183699
0.00754692
-0.00320096
-0.472993
-0.870905
-0.37316
1.56955
1.71546
-0.457921
1.02617
-5.15208e-05
0.405405
0.294093
1.7364
-0.0176178
-0.687965
-0.242229
1.23664
-0.605305
1.2088
-0.728435
0.685584
1.85643
-0.447418
-0.161367
0.791634
0.734477
-0.100189
0.05903
-0.597631
-0.0491129
-0.362195
1.33022
1.68483
0.110539
-0.785642
-0.425541
-0.27254
-0.966926
-0.838737
0.176823
0.325166
1.72002
-0.96015
1.96185
1.69157
1.12677
-0.410025
0.913858
-0.719888
0.863164
-0.0778993
1.77528
0.368173
1.64224
-0.694992
-0.941643
1.98617
1.16122
-0.0037215
0.77323
-0.10796
-0.830467
-0.813864
0.916335
-0.105268
-0.110585
-0.860946
0.39368
0.516284
1.8438
1.28428
0.655797
0.89321
0.510231
-0.730325
-0.599991
-0.757413
1.13938
1.33172
1.7753
1.7154
1.71065
0.601316
0.908877
-0.672537
0.0259071
1.47743
0.99096
0.0142932
0.978831
-0.118081
-0.188685
1.23894
0.92684
-0.96899
0.287761
-0.854658
1.40664
1.00375
-0.00344931
0.810404
1.13152
0.578307
0.962834
1.18913
-0.278034
1.12176
1.75735
1.34413
0.811512
-0.136069
0.149736
1.0776
1.34038
0.67001
0.485014
0.189562
1.65518
-0.815228
0.193963
1.34053
-0.166187
0.0127516
-0.272421
0.823598
-0.995526
1.22376
0.184962
-0.68556
-0.394008
-0.616335
1.31622
0.64862
0.82537
0.455688
1.33717
1.67143
0.498177
1.39688
0.153534
1.20302
1.49219
-0.846004
-0.616128
-0.781344
-0.251005
-0.734418
0.509458
1.39505
-0.615366
1.82902
1.93606
1.05115
1.18061
-0.603751
-0.329803
1.16817
1.04773
-0.66894
0.346124
-0.647521
1.01618
0.922154
1.7281
-0.0135574
1.51629
0.961436
-0.364332
1.24739
1.85321
0.749557
1.63367
1.2201
1.12721
-0.295519
1.91214
1.20487
0.268728
1.9118
1.51183
1.60079
-0.720042
-0.741296
1.02028
0.0993099
-0.704888
0.107596
1.09247
1.05509
-0.352146
0.793825
1.33349
1.36809
-0.75779
0.102959
0.215903
-0.381916
-0.377529
-0.74
-0.744902
1.3158
0.557548
-0.382976
1.93546
0.164815
-0.501729
0.655336
1.75542
-0.31314
-0.0857443
0.925822
0.742668
0.453441
1.53163
-0.544463
0.164217
1.3458
-0.981959
-0.698181
-0.970241
-0.117801
-0.404882
-0.287881
0.180146
0.592617
-0.410438
-0.725504
1.50577
0.215946
1.33922
-0.685461
-0.76839
-0.663148
-0.12574
1.35328
-0.173559
-0.125289
0.865118
0.8106
1.76351
1.89327
-0.323745
0.297455
-0.145613
1.08426
-0.746099
1.2743
-0.0166088
0.297927
-0.843703
0.966494
0.832653
-0.670735
0.633718
1.80128
0.0437114
-0.437618
0.5809
-0.201463
1.99958
1.39349
1.56575
0.462811
1.70889
1.30687
-0.613584
0.18802
0.847454
-0.181184
1.49102
-0.888296
1.96349
1.01988
0.936856
0.288693
1.251
0.355218
1.27212
0.829572
0.999933
-0.82179
0.620083
-0.0525657
1.19076
1.31817
1.33923
1.0893
0.465941
-0.624003
0.781276
-0.609546
1.90152
-0.722943
-0.764867
-0.976539
-0.894493
0.269328
0.116634
0.96672
-0.76626
1.16877
1.35256
0.593628
0.43136
-0.673546
0.321957
0.895299
-0.154621
-0.6205
0.550415
-0.59709
0.103582
-0.704218
-0.646326
-0.573918
0.795875
-0.495246
-0.950252
-0.411253
0.403332
-0.0475607
-0.680476
-0.050713
0.0161874
-0.34731
-0.739324
-0.246874
-0.384526
1.67877
0.553337
1.10967
0.430338
0.667214
-0.894429
-0.446699
1.55942
-0.363907
1.85184
-0.76796
1.55881
1.7414
1.9409
1.12015
1.58692
0.673367
1.46392
-0.059713
1.75587
-0.501389
0.794695
0.867492
1.48032
1.9638
0.612818
-0.488704
1.73942
-0.226623
-0.496653
0.190398
-0.943334
-0.778016
1.5695
1.05229
1.52413
0.207165
1.36456
1.94851
1.18856
0.206552
1.20364
0.862016
0.75939
-0.536891
0.68969
0.144036
1.7727
-0.516598
0.815712
1.27434
-0.696034
1.61333
0.857044
0.0523302
1.20146
1.05661
-0.127107
-0.117554
-0.0441254
0.591888
0.721678
1.49727
0.923791
0.792471
-0.833735
0.00593399
1.93974
-0.102325
1.37755
0.357778
0.917541
0.267937
-0.0270209
0.0788189
1.91804
0.674958
0.515705
1.22764
1.76433
0.273004
0.708835
0.288067
0.33904
-0.625382
1.8934
-0.926698
-0.63941
-0.129444
1.95477
-0.0474383
-0.310091
0.96107
0.790988
1.87081
0.711043
1.80719
1.29393
0.373659
0.236548
-0.278565
-0.832346
1.29169
0.518005
1.27798
-0.483876
1.22194
0.587078
1.23107
0.603551
-0.682239
1.04805
1.04468
0.417283
0.389782
-0.00755673
-0.36351
0.123545
-0.704444
-0.586222
1.47072
1.18817
-0.474971
-0.0121018
-0.50929
0.98152
0.997962
-0.808769
1.68317
1.72216
0.549675
-0.686026
1.10811
-0.702246
-0.539229
0.177561
1.86037
0.997008
0.622652
0.486795
1.0392
0.387176
-0.890311
-0.366141
1.42761
0.228508
1.24586
-0.676826
-0.639439
0.467963
0.575136
-0.664531
-0.0224991
0.0757963
0.639348
-0.128013
0.196642
-0.0165893
0.24528
-0.222914
-0.457787
0.635622
-0.23384
-0.791105
-0.938393
-0.947975
1.77103
-0.595242
0.9611
1.68962
1.79784
1.22697
-0.509463
0.81099
1.76329
1.85866
1.38397
1.74249
0.732183
-0.272946
0.320107
1.7062
-0.227159
0.329401
1.25584
0.688047
-0.313992
0.0534112
-0.807439
-0.889966
1.30199
0.69135
1.01361
0.0415672
1.14564
1.31517
0.926182
0.890568
0.257145
1.67783
0.172286
1.58598
1.44842
0.0128362
-0.0477164
0.991346
1.44362
1.05308
1.36722
0.200243
1.55679
-0.944824
0.51691
-0.987742
0.906984
0.170896
1.85268
1.99982
0.331892
-0.399806
-0.819944
0.884128
1.60025
1.75845
0.893566
1.55835
0.0652209
1.48353
1.99101
1.77083
-0.327486
-0.172391
0.957353
0.935029
0.814972
0.254564
0.161736
1.97614
-0.573439
0.412237
-0.924595
1.02601
0.263337
1.79999
-0.447699
0.713309
1.17733
0.315027
0.111088
-0.0398616
1.52468
1.74639
1.20269
1.94632
0.713078
-0.160885
-0.469435
-0.940668
1.87215
0.00889597
-0.204034
1.65844
1.77374
-0.666204
-0.328689
-0.0637679
0.120691
0.574475
-0.737499
-0.641875
0.92035
1.28263
-0.458149
-0.0620403
-0.864847
-0.133039
1.16952
-0.022569
0.0423129
0.234971
0.98185
-0.209937
0.151606
0.459255
0.88204
-0.319874
-0.935051
1.7939
1.73171
-0.866359
1.40168
1.92942
1.23754
1.34899
1.43934
0.351571
0.149919
-0.358112
0.851838
-0.690706
0.726485
0.634971
0.590155
0.608262
-0.174791
1.0038
-0.254113
-0.7575
0.354916
0.940332
-0.316862
-0.562773
1.41335
0.209277
1.95831
1.75532
-0.910024
0.27034
0.606993
0.926946
-0.738768
0.846963
1.40627
1.39894
1.96743
0.328234
-0.799161
1.10074
1.8182
1.45719
-0.945467
-0.203917
1.05152
-0.832884
1.35121
1.12246
0.602413
1.402
1.65608
1.90192
1.69701
1.97616
0.877813
-0.873287
-0.586393
1.76979
-0.346595
-0.811539
-0.453577
0.144469
-0.87454
-0.616843
-0.679175
0.317482
0.84933
-0.974192
1.81898
1.62201
0.0633672
1.66104
0.231887
0.555486
1.95305
-0.0826669
1.83674
0.189186
1.02993
0.207921
1.96491
-0.325152
1.30049
0.653899
0.0100978
-0.142314
0.987146
0.113695
-0.267504
-0.851621
-0.113478
1.44243
1.04054
0.863896
0.58354
-0.067563
0.234781
-0.31271
0.807915
0.292442
1.25156
1.17355
0.7506
1.5862
0.655378
1.04633
0.750712
0.731644
0.53546
1.40591
-0.752222
-0.498731
1.15871
0.912483
1.98847
1.97474
0.0636029
1.72813
1.91378
0.421666
0.0393463
0.830446
1.65963
1.69344
0.364085
1.13744
0.240282
0.27672
-0.346804
0.582973
-0.623036
-0.314232
-0.0732562
1.68374
1.17831
-0.673645
1.34862
1.84972
1.08136
0.19424
-0.970593
-0.915907
1.52964
0.3412
1.767
-0.382249
1.31286
1.67259
-0.87202
1.82123
0.134558
-0.772069
1.11302
-0.584408
1.18854
0.541983
-0.327169
1.60126
-0.192836
1.41881
1.01909
1.52014
0.432477
1.74988
0.871149
1.4736
-0.290665
0.968528
-0.468629
1.71078
1.48893
-0.164328
1.30077
1.47273
1.80343
1.04989
-0.676333
1.15049
-0.453317
1.34264
-0.702714
0.986782
0.469291
1.25242
-0.420264
-0.393577
1.68767
0.706349
-0.702731
0.945827
-0.867503
1.09342
0.671885
0.912563
1.31749
1.42739
-0.0641798
1.36802
-0.463053
1.17613
0.016867
-0.918677
-0.369563
1.85929
0.530458
-0.590899
1.71909
-0.373256
0.886772
-0.607824
-0.695398
1.61418
0.172564
1.6668
-0.83615
-0.980891
0.503849
1.08607
0.295164
1.4594
1.99268
0.963236
1.43481
0.380385
0.456955
1.19935
1.68334
0.700865
-0.58736
0.331316
0.170015
0.577042
1.78207
0.697715
1.75248
0.922712
1.14072
0.788104
0.855012
1.3016
0.0298637
1.03432
1.80808
-0.597356
-0.625678
-0.247507
1.19176
-0.00593599
0.939432
-0.449601
1.49946
0.785664
0.194847
1.3229
1.24947
0.0329747
1.50566
-0.113875
-0.0326188
1.71182
0.656785
0.429005
1.93739
0.721664
0.647926
-0.181811
-0.00872916
-0.523128
0.858415
1.08976
0.0819097
-0.419121
1.26953
-0.582556
0.241702
-0.679911
0.477035
-0.0925924
1.08423
-0.1167
1.9182
-0.987935
-0.0167351
-0.585536
1.51341
1.23192
1.21722
-0.482342
1.86252
0.952692
-0.904232
1.41143
0.070607
0.557253
0.987962
-0.734445
-0.155495
1.0921
-0.308851
1.59506
1.13339
0.366065
0.873719
1.66752
0.771826
0.596042
0.981314
-0.0297461
-0.857336
-0.456623
0.0463544
0.677406
0.354022
-0.251352
-0.277285
0.131923
1.14514
-0.692972
1.56855
1.96075
-0.155477
-0.240013
1.19315
0.254106
-0.586711
0.310033
1.51017
1.19686
-0.584195
0.151524
0.764628
-0.114237
0.0984704
1.54643
1.42028
-0.619816
0.511342
0.430791
0.468783
1.35533
1.63115
1.99412
0.0594254
1.3834
0.348331
-0.918101
1.89059
1.87794
-0.873107
0.00647924
1.91888
-0.858938
-0.432379
0.817813
1.00136
1.92217
0.759319
1.0742
1.02534
1.02345
0.0830661
-0.397565
0.860835
-0.373316
1.43345
1.59005
-0.942228
1.59661
-0.748379
1.16336
1.92441
-0.939496
0.954049
0.123953
-0.306287
-0.0602169
0.210473
0.494916
-0.633938
1.18755
-0.194684
1.14482
-0.226461
-0.621954
-0.00500429
1.40184
-0.543298
-0.00763764
0.044023
0.241082
-0.635025
-0.0124755
1.65246
0.846237
-0.717165
-0.0582776
1.79012
1.35153
0.19706
1.01135
-0.857796
0.612293
0.0271205
1.16491
1.2079
1.18935
1.38405
0.918446
0.634718
0.908597
1.05867
-0.69397
1.6809
-0.655831
-0.835625
0.668239
-0.0890159
0.40089
-0.861425
1.23081
-0.41357
-0.724836
1.1605
1.39119
1.16526
0.636915
1.6334
1.91141
0.747299
-0.382585
-0.787947
1.70236
1.76823
1.20535
1.40112
1.36992
-0.142159
0.19245
0.63099
1.72731
1.95433
-0.656245
1.14703
-0.5525
1.51691
-0.355877
0.299782
-0.608523
0.411874
-0.791932
0.68214
-0.731409
-0.192725
0.790231
1.24706
1.87083
0.511663
-0.637464
0.940429
1.56671
-0.0767633
1.46669
-0.583826
0.416106
0.426719
1.01781
0.0873778
-0.507982
1.36434
1.29783
1.34089
-0.275226
1.00554
0.61208
-0.599488
1.16892
-0.935332
-0.383567
0.679522
0.752374
-0.0975429
-0.566567
1.81823
0.371677
1.94271
0.251445
-0.140139
0.187592
1.40246
0.352829
1.68833
0.872881
0.79258
0.68032
1.65205
1.34848
1.83119
-0.0962874
0.647474
1.41897
1.18516
1.10657
0.730275
0.0309481
-0.922428
-0.938186
0.339593
0.161015
0.938906
-0.0473263
0.563609
-0.596249
0.116938
0.306382
1.8114
1.23921
1.4886
-0.971885
1.54726
1.99183
0.117603
-0.155431
0.779554
1.91141
1.61766
1.36271
1.8005
1.93451
1.00539
-0.538143
-0.379671
0.163812
0.961552
1.75429
-0.783845
0.511134
0.220181
0.37923
1.00079
-0.643999
1.80118
0.798669
1.43285
1.54564
0.453645
-0.543944
1.27025
0.922363
0.251142
1.12862
1.91536
-0.756259
1.96392
1.16204
1.59244
-0.989854
0.166651
1.57708
0.364225
1.95793
-0.259938
-0.41899
1.35327
0.00931311
1.64851
0.842952
1.74114
1.73063
0.674855
-0.924294
0.796604
-0.633201
-0.55337
-0.532608
1.69914
1.23605
0.351181
-0.697265
-0.382983
-0.654106
1.69895
1.81724
1.28776
0.500987
1.64746
-0.488867
-0.145149
1.56919
1.01968
-0.00345753
0.99284
0.581144
-0.631555
0.336585
0.221955
-0.0543153
-0.174139
-0.539084
1.15001
-0.0551954
-0.149847
1.55876
1.6886
0.20761
1.47974
1.81725
0.17008
0.228973
0.493709
1.3075
1.08442
0.0893132
1.50311
0.923789
0.828889
1.60887
0.724211
1.78195
-0.0218735
0.240334
0.369274
1.78889
1.14139
0.313959
1.65322
1.42604
1.16257
0.0588934
-0.944162
0.0066541
1.02433
-0.0225244
0.315526
-0.709072
0.313461
1.16075
-0.64889
-0.980814
1.44405
0.231157
-0.0254337
1.70429
-0.261316
-0.813106
0.0281397
1.68418
0.127076
0.378635
0.639661
0.0121306
0.68576
0.268967
0.187467
-0.34657
0.194393
-0.707987
0.546102
-0.255234
0.972592
0.352165
1.85275
0.295377
1.16705
0.251637
0.200239
0.324055
1.49561
-0.540508
-0.596985
-0.969656
-0.8186
1.24777
-0.747259
1.85711
-0.508305
1.7277
-0.0273402
-0.777375
-0.0948197
0.53951
-0.964957
-0.729093
0.619715
-0.90363
-0.713882
-0.646754
-0.560455
-0.550233
0.893424
1.55817
1.57796
-0.26201
1.92266
1.73994
0.712515
1.37123
1.99055
1.86969
0.660625
0.0443462
0.546375
1.06118
-0.0079538
0.762679
0.290005
0.248827
0.475419
1.92466
-0.786889
-0.980374
1.66322
0.69591
-0.806099
1.22999
0.308555
1.23817
1.47989
-0.171554
0.183604
1.80487
0.840425
1.42265
1.45592
0.532952
1.65871
0.250923
1.79333
-0.532849
-0.427646
1.97919
-0.224253
-0.140343
1.6936
-0.194713
0.780086
1.34863
0.51152
-0.817546
0.838429
1.13037
1.45827
0.875084
0.595668
1.63144
-0.393775
0.0323334
0.36168
1.15306
0.283733
0.333961
1.89816
-0.456774
0.860165
0.802136
1.08617
0.261391
1.16049
-0.966836
0.0406856
-0.116406
0.550971
0.922015
0.670084
1.09538
-0.530514
1.25705
0.686168
0.331898
1.08441
1.61319
0.279367
-0.711847
1.50881
1.57034
1.19416
-0.073479
0.0800931
0.434674
0.362637
0.738963
0.15917
-0.0664247
1.32666
-0.931841
1.20281
0.623644
0.290834
1.32377
1.08126
-0.116784
1.83564
1.16812
1.3527
0.674603
1.11672
1.21727
-0.671997
-0.335304
0.169792
1.64327
0.772714
0.13837
0.37814
-0.0202864
-0.84898
0.942958
-0.313937
1.84701
1.50257
0.492531
-0.953066
-0.673042
1.59113
1.87014
-0.765793
1.77537
1.00713
0.127945
0.500634
0.394642
-0.346019
0.159005
0.714847
1.85843
-0.633433
-0.330428
1.0135
1.70617
0.798757
-0.967964
-0.832072
1.00028
-0.830971
1.81265
-0.542498
-0.948927
-0.941137
-0.993361
0.305527
-0.926185
1.49666
0.815804
0.852171
-0.693707
0.560388
0.166929
1.5916
-0.47936
-0.706906
0.817877
1.72416
0.851368
-0.67595
-0.18068
0.55099
-0.234587
-0.570532
-0.899274
0.678112
0.0139721
-0.986261
1.16391
1.30005
1.86043
1.54613
-0.676396
1.75046
1.62659
1.9609
0.348627
0.515399
-0.216908
-0.185735
1.27816
-0.697748
1.41472
0.523546
-0.27581
0.756827
0.0433176
1.28866
1.20097
-0.751112
-0.182565
0.984789
1.66703
0.550937
1.33264
-0.486856
-0.126491
1.81567
-0.558544
0.77145
0.374893
0.321904
1.18918
1.82576
1.35971
0.967741
1.15614
0.355837
-0.171167
1.51909
-0.950638
0.597871
0.144527
0.661661
0.617274
1.0402
0.016713
0.10157
1.5087
-0.282128
0.485121
0.73677
1.53105
1.60066
1.73227
0.22033
0.677865
-0.662155
0.100344
0.331538
1.36325
-0.0994468
-0.0640897
0.204161
0.704148
1.50009
-0.746009
0.210886
-0.780545
0.170528
1.80848
0.0813467
0.588309
